--- FAIL: Test_OK (0.00s)
	add-two-numbers_test.go:76: 
			Error Trace:	add-two-numbers_test.go:76
			Error:      	Not equal: 
			            	expected: &problem0002.ListNode{Val:7, Next:(*problem0002.ListNode)(0xc420010cd0)}
			            	actual  : &problem0002.ListNode{Val:7, Next:(*problem0002.ListNode)(0xc420010e70)}
			            	
			            	Diff:
			            	--- Expected
			            	+++ Actual
			            	@@ -5,3 +5,3 @@
			            	   Next: (*problem0002.ListNode)({
			            	-   Val: (int) 8,
			            	+   Val: (int) 7,
			            	    Next: (*problem0002.ListNode)(<nil>)
			Test:       	Test_OK
			Messages:   	输入:{0xc420010c60 0xc420010c90}
	add-two-numbers_test.go:76: 
			Error Trace:	add-two-numbers_test.go:76
			Error:      	Not equal: 
			            	expected: &problem0002.ListNode{Val:0, Next:(*problem0002.ListNode)(0xc420010da0)}
			            	actual  : &problem0002.ListNode{Val:0, Next:(*problem0002.ListNode)(0xc420010fe0)}
			            	
			            	Diff:
			            	--- Expected
			            	+++ Actual
			            	@@ -3,13 +3,10 @@
			            	  Next: (*problem0002.ListNode)({
			            	-  Val: (int) 0,
			            	+  Val: (int) 9,
			            	   Next: (*problem0002.ListNode)({
			            	-   Val: (int) 0,
			            	+   Val: (int) 9,
			            	    Next: (*problem0002.ListNode)({
			            	-    Val: (int) 0,
			            	+    Val: (int) 9,
			            	     Next: (*problem0002.ListNode)({
			            	-     Val: (int) 0,
			            	-     Next: (*problem0002.ListNode)({
			            	-      Val: (int) 1,
			            	-      Next: (*problem0002.ListNode)(<nil>)
			            	-     })
			            	+     Val: (int) 9,
			            	+     Next: (*problem0002.ListNode)(<nil>)
			            	     })
			Test:       	Test_OK
			Messages:   	输入:{0xc420010cf0 0xc420010d40}
FAIL
exit status 1
FAIL	_/home/ubuntu/awesome-go-leetcode/0002.add-two-numbers	0.003s
